0.028164036571979523
0.03900700807571411
0.033814702183008194
0.04265829548239708
0.024914691224694252
0.022881489247083664
0.031028157100081444
0.0405939556658268
0.036561328917741776
0.03269369900226593
0.042389169335365295
0.03731653839349747
0.029950037598609924
0.039004355669021606
0.044774286448955536
0.03549925237894058
0.0480337031185627
0.04074471443891525
0.03328749164938927
0.04944904148578644
0.034320518374443054
0.0317574143409729
0.026389440521597862
0.02920726127922535
0.035281889140605927
0.03272039443254471
0.03941098973155022
0.03248707950115204
0.03802146390080452
0.02409529499709606
0.03357568010687828
0.03075486794114113
0.035800348967313766
0.03937830030918121
0.03232207149267197
0.03470076620578766
0.03990437835454941
0.03719070181250572
0.030394120141863823
0.041114117950201035
