0.2937983572483063
0.3689834177494049
0.25581470131874084
0.3233247697353363
0.28665319085121155
0.30962929129600525
0.2565164268016815
0.2529723644256592
0.23716072738170624
0.31002485752105713
0.2899571657180786
0.3023773729801178
0.2625805735588074
0.2755776047706604
0.2940649688243866
0.23759019374847412
0.3347174823284149
0.33003953099250793
0.2556065320968628
0.22611843049526215
0.30445656180381775
0.33752527832984924
0.2597704231739044
0.27005329728126526
0.30126795172691345
0.27241015434265137
0.25982657074928284
0.2749529480934143
0.28411176800727844
0.2814411222934723
0.27200552821159363
0.26455065608024597
0.2849586606025696
0.31223177909851074
0.26743194460868835
0.3221740424633026
0.2996789813041687
0.29763954877853394
0.29150253534317017
0.2981241047382355
