2.7247657775878906
2.9236063957214355
2.724837064743042
2.6790637969970703
2.7387731075286865
2.8018178939819336
2.6938467025756836
2.4959094524383545
2.558034658432007
2.57474684715271
2.7677154541015625
2.6452739238739014
2.726696014404297
2.723900079727173
2.652604103088379
2.596172332763672
2.620396614074707
2.712313413619995
2.7962284088134766
2.589090347290039
2.6148314476013184
2.647151231765747
2.7440998554229736
2.639136791229248
2.7431042194366455
2.679197311401367
2.692617177963257
2.773237466812134
2.6066009998321533
2.666290044784546
2.8735525608062744
2.7756247520446777
2.6315083503723145
2.8850302696228027
2.674189567565918
2.597702741622925
2.504768133163452
2.712034225463867
2.6327266693115234
2.720388174057007
