4.051028728485107
4.015789031982422
4.2956156730651855
4.217589378356934
4.411473751068115
4.225759506225586
4.251479148864746
4.310847282409668
4.3075947761535645
4.199714183807373
4.274033069610596
4.387906074523926
4.138567924499512
4.31580114364624
4.0057878494262695
3.995288133621216
4.284642696380615
4.330836296081543
4.235670566558838
4.128058910369873
4.452191352844238
4.230034828186035
4.207321643829346
4.5367913246154785
4.312366008758545
4.061814785003662
4.309963226318359
4.162602424621582
4.24006462097168
4.206737518310547
4.216258525848389
4.221379280090332
4.1503586769104
4.340419769287109
4.146789073944092
4.1606316566467285
4.022860527038574
4.17051362991333
4.197808742523193
4.305262565612793
