0.03702180087566376
0.02650337852537632
0.024843765422701836
0.04681498557329178
0.04121817275881767
0.041790787130594254
0.023735588416457176
0.040896084159612656
0.03282814100384712
0.04358066990971565
0.037154920399188995
0.037440791726112366
0.028563914820551872
0.04856736585497856
0.04618915542960167
0.024937648326158524
0.03805657848715782
0.02991824597120285
0.03736456111073494
0.0311439111828804
0.020960915833711624
0.03419926390051842
0.0536116287112236
0.03268740698695183
0.040302470326423645
0.03717191144824028
0.032121676951646805
0.03541183099150658
0.03166266903281212
0.02979026734828949
0.03129827231168747
0.042324915528297424
0.035352785140275955
0.04358901083469391
0.0231777410954237
0.03967604786157608
0.02868535742163658
0.04143102839589119
0.0268126018345356
0.02929186448454857
