4574.17578125
4583.94287109375
4583.39306640625
4580.42822265625
4585.8916015625
4572.99365234375
4573.7763671875
4576.1943359375
4576.89453125
4583.95166015625
4577.15283203125
4578.77197265625
4576.90869140625
4572.7255859375
4591.17626953125
4592.67333984375
4580.88037109375
4569.69189453125
4585.9140625
4575.0908203125
4567.40380859375
4577.63525390625
4564.6396484375
4576.83642578125
4585.83203125
4575.56103515625
4583.80029296875
4581.6513671875
4574.8857421875
4570.03515625
4575.09912109375
4582.49267578125
4582.076171875
4580.7705078125
4588.83642578125
4586.322265625
4587.62451171875
4580.912109375
4580.37939453125
4578.7646484375
