0.03777441754937172
0.019319498911499977
0.03341689333319664
0.03152042254805565
0.03349577262997627
0.03188590332865715
0.0381094366312027
0.02866593934595585
0.03771531954407692
0.025050166994333267
0.04661572352051735
0.04032338783144951
0.034584734588861465
0.024755116552114487
0.045675963163375854
0.04053487256169319
0.03665829822421074
0.03962968662381172
0.033930499106645584
0.038350217044353485
0.03473297506570816
0.029103970155119896
0.026414349675178528
0.030375773087143898
0.030507732182741165
0.042408641427755356
0.02795877493917942
0.03794710710644722
0.0357595793902874
0.029980087652802467
0.03235477954149246
7.793233394622803
7.834608554840088
0.04047936573624611
7.569670677185059
0.02391650900244713
0.029384376481175423
0.035771023482084274
0.034190982580184937
0.03414357081055641
