[ 4.119202439137833e+02  3.867621600418476e+03  2.402852694205176e-06
  3.166021069460469e-06  6.230708122567109e+00  8.116528338103317e-02
  6.023356942023071e+05  1.173497473913639e+04  1.748005830815842e+01
  2.119678092028324e-06  1.481277289020357e-06  1.217346236244217e-01
 -4.168855404614106e-09  5.542449139693694e-06  4.745311584940315e-06
 -1.127863549456762e-15 -2.656471240964315e-18 -3.637579093381920e-16
  2.677344959580716e-01  6.914178027579924e-02  7.769613334178171e-03
  5.708798554927003e-02  1.051718403770046e-01  3.863601299182411e-06
  1.340788388060500e-05  1.700001288049382e-06  4.001081262134929e+04
  6.676422839607878e+05  3.618703061844160e-04  5.392967100211455e-02
  2.507831875273897e-03  4.824450316976321e+01  2.428695708300102e+02
  4.282423542837824e+00  3.094740902792871e+02 -1.250072024146593e-02
  4.661121892601001e-09 -1.399347765976929e-03 -7.699727888360645e+00
  2.861266396621624e+00  6.035613689626705e+01  2.416959225468958e-01
  1.124415479830226e+04  5.457663079640283e+09  4.023664300250874e-01
  3.497230267178756e-01  2.711486708526660e-01  6.048570951237944e-01
  1.190754901550095e-10  2.290804664690751e-10  2.388717340443533e-14
  3.634027262518924e-02  8.344446463324734e+01  6.719169359638437e-01
  4.696832132202531e+02  2.618984610452889e-08  1.213447149139392e-08
  1.550254567747523e-10  2.957671763287253e-09  9.852975457865858e+04
  1.011640110454320e+05  3.335619020446701e-05  9.842769861950207e-03
  2.158646435817552e+01  2.120122960909574e-02  4.154123173717189e-02
  2.735054725032861e-10  2.063891060291003e-10  6.414583204647909e-03
  3.005126800550236e-04  1.062002056131660e-02  1.155017772108367e-02
  6.739508997892686e-02  3.714760071226880e-02  3.040571179867386e-02
  2.464671207175201e+01  2.854579016856277e+02  2.863501383028873e+02
  2.863501383028873e+02  2.863501383028873e+02  6.031860386542734e+00
  3.862690878698084e-01  4.561077416012262e-11  9.335123655088992e-10
  1.343493960680614e-08  7.485250639198786e-10  1.773207831885334e-12
  1.131764851451081e-08  1.923337696198658e+08  2.044496642980377e+08
  1.269567007656330e+06  2.757727021562567e-10  5.861750949994490e-10
  1.897167092670714e-11  1.556517789475648e-11  3.002157018846550e-10
  1.689040483482960e-12  5.666641243952003e+00  2.094927016238173e+01
 -9.704549559647552e-03  1.551380684562531e-01]
