[ 3.649573176625036e+02  3.413973190490998e+03  2.275198475914746e-06
  3.084374625925582e-06  6.185079801817181e+00  7.900642539663062e-02
  5.851718419821452e+05  1.158841203645391e+04  1.746484062309061e+01
  2.090504765345195e-06  1.451067126730335e-06  1.215146337160930e-01
 -4.225116460499171e-09  5.445384746864077e-06  4.671086022323295e-06
 -1.146685174101925e-15 -2.684450175238304e-18 -3.706117923121010e-16
  2.666367239733933e-01  6.874226257897306e-02  7.577580770098502e-03
  5.605887221683344e-02  1.044228428906191e-01  3.805193914977685e-06
  1.324692909161587e-05  1.670224556793189e-06  3.948416079578020e+04
  6.512135969150445e+05  3.528638509421002e-04  5.149789463530250e-02
  2.507618896696840e-03  4.823840094970256e+01  2.428692609005289e+02
  4.281940975488544e+00  3.094480789522155e+02 -1.296330667007218e-02
  4.621075563753868e-09 -1.403543392809197e-03 -7.808890202797021e+00
  2.846697360588799e+00  6.033998240120655e+01  2.412213264235898e-01
  1.124414204368938e+04  5.310077178874503e+09  4.008069518105393e-01
  3.474093846402027e-01  2.702198943170822e-01  6.027105707911985e-01
  1.186041419785762e-10  2.287066955544179e-10  2.373450047462513e-14
  3.633894871927435e-02  8.330889243160578e+01  6.719156120579287e-01
  4.674910180946366e+02  2.583193230785572e-08  1.190151990738239e-08
  1.437589156157963e-10  2.900586506112228e-09  9.852973947799928e+04
  1.011639015344793e+05  3.330198840697071e-05  9.840295381749093e-03
  2.144812638631588e+01  2.119768631902992e-02  4.154090390568863e-02
  2.729456171794834e-10  2.045454961957375e-10  6.345124560793251e-03
  2.450778664727119e-04  1.042245203852165e-02  1.137196227767815e-02
  6.669198926784085e-02  3.664397566303634e-02  2.998642644461364e-02
  2.464504555362152e+01  2.854531010867044e+02  2.863414148120423e+02
  2.863414148120423e+02  2.863414148120423e+02  6.028224632541038e+00
  3.846802629264358e-01  4.545327883306394e-11  9.260376385209517e-10
  1.330338777169598e-08  7.465985890976082e-10  1.765666517277667e-12
  1.128839356356455e-08  1.917417937953036e+08  2.037553402662660e+08
  1.266122676861939e+06  2.744950908729031e-10  5.841658854757411e-10
  1.891687348656861e-11  1.554432060966464e-11  2.962101698113632e-10
  1.679019940181954e-12  5.666638995875308e+00  2.094927005834262e+01
 -9.798503798921365e-03  1.550607966985156e-01]
