0.042937833815813065
0.028789538890123367
0.03302672877907753
0.025705182924866676
0.032077688723802567
0.022570118308067322
0.044747162610292435
0.04040104150772095
0.040405359119176865
0.03315921127796173
0.038712482899427414
0.028312040492892265
0.051640480756759644
0.030710304155945778
0.039855312556028366
0.043552812188863754
0.031018035486340523
0.028503112494945526
0.03815539553761482
0.028727177530527115
0.04262927547097206
0.028567960485816002
0.03633499890565872
0.03171379491686821
0.029975999146699905
0.03736553341150284
0.028963711112737656
0.045903969556093216
0.05466069281101227
0.027650708332657814
0.036966949701309204
0.04011734202504158
0.01899723894894123
0.03376138582825661
0.030020982027053833
0.03615770488977432
0.035834312438964844
0.02770799584686756
0.031083162873983383
0.026639990508556366
