0.025425849482417107
0.04197968542575836
0.02442789450287819
0.04586310312151909
0.03599230572581291
0.043156567960977554
0.034135930240154266
0.05212104693055153
0.032908324152231216
0.037446752190589905
0.02901533804833889
0.025319604203104973
0.03679221123456955
0.02413562312722206
0.02945959009230137
0.04143153131008148
0.04197731614112854
0.029389945790171623
0.03388770669698715
0.03494348004460335
0.03605121001601219
0.05060068517923355
0.046026285737752914
0.023660933598876
0.03043803945183754
0.0330536775290966
0.04511241987347603
0.032238125801086426
0.03810309246182442
0.030337335541844368
0.029031625017523766
0.03476450964808464
0.02528119832277298
0.03630313649773598
0.027746951207518578
0.031004952266812325
0.02865581214427948
0.02917023003101349
0.03573484718799591
0.03718766197562218