0.0413990281522274
0.0329146608710289
0.034133050590753555
0.03874962031841278
0.028685715049505234
0.04518839716911316
0.03743940219283104
0.036039549857378006
0.039278652518987656
0.03868015110492706
0.03603045642375946
0.04338671267032623
0.03272142633795738
0.026504969224333763
0.039392344653606415
0.03199607878923416
0.05490676313638687
0.03544162958860397
0.037524860352277756
0.044866833835840225
0.025498835369944572
0.03997907042503357
0.031201409175992012
0.03192637115716934
0.034455306828022
0.027943095192313194
0.03951678425073624
0.040134597569704056
0.02841472253203392
0.0286073200404644
0.015588023699820042
0.034410905092954636
0.03684617951512337
0.045270681381225586
0.03411673754453659
0.037003595381975174
0.036212097853422165
0.041825901716947556
0.02069385163486004
0.03205221891403198
