0.028220459818840027
0.043664101511240005
0.03666892275214195
0.03516595438122749
0.030883410945534706
0.04198000580072403
0.03725645691156387
0.03496493771672249
0.021268431097269058
0.027195051312446594
0.034352146089076996
0.05792954936623573
0.035705842077732086
0.039035871624946594
0.03036504238843918
0.032579611986875534
0.031368549913167953
0.030060991644859314
0.039883650839328766
0.0423022024333477
0.0415390208363533
0.03132770210504532
0.05017540231347084
0.03323177620768547
0.03955104574561119
0.042058877646923065
0.05236481502652168
0.034554921090602875
0.03413033485412598
0.02407848834991455
0.03035031631588936
0.03246239200234413
0.021111655980348587
0.04357340559363365
0.02749173901975155
0.041879020631313324
0.035670630633831024
0.029349038377404213
0.029965711757540703
0.040728047490119934
