0.02530822530388832
0.030376523733139038
0.04510052874684334
0.04364483058452606
0.02917388267815113
0.03942257538437843
0.0358479842543602
0.03784198686480522
0.040365640074014664
0.03341654688119888
0.04387815669178963
0.03209809586405754
0.03452262654900551
0.040968962013721466
0.03913731127977371
0.03661353886127472
0.03337281569838524
0.025666099041700363
0.03330972418189049
0.033067379146814346
0.028645992279052734
0.031367603689432144
0.034862637519836426
0.026390554383397102
0.03766929358243942
0.03732794523239136
0.03295854106545448
0.027104183867573738
0.034260138869285583
0.028713333532214165
0.0358501598238945
0.03233082592487335
0.03614896163344383
0.039827488362789154
0.04005964472889932
0.03344188630580902
0.04339463636279106
0.03358163312077522
0.03464287891983986
0.03376216068863869
