0.03296023607254028
0.02124854363501072
0.047323744744062424
0.04166458547115326
0.037796493619680405
0.023478616029024124
0.027939626947045326
0.032886866480112076
0.028742285445332527
0.02579335868358612
0.0375133641064167
0.0367589071393013
0.02805514633655548
0.03920944407582283
0.03709067031741142
0.022540828213095665
0.051324550062417984
0.039725568145513535
0.025065327063202858
0.03889508172869682
0.026672998443245888
0.04271528869867325
0.03488641232252121
0.03905325010418892
0.029590710997581482
0.029262598603963852
0.03304532170295715
0.04013422131538391
0.02562847174704075
0.03697938099503517
0.030811762437224388
0.019501853734254837
0.03746311366558075
0.03536437079310417
0.04804935306310654
0.04646242782473564
0.03541531041264534
0.04997791722416878
0.04749435931444168
0.04838737100362778