4476.298828125
4464.78369140625
4481.05322265625
4467.50927734375
4473.22119140625
4473.4384765625
4487.3447265625
4471.9541015625
4488.251953125
4482.03759765625
4466.72412109375
4458.8818359375
4481.8291015625
4476.115234375
4481.64892578125
4489.00048828125
4480.62255859375
4498.21044921875
4487.37255859375
4473.3779296875
4473.22998046875
4475.81982421875
4463.92529296875
4475.578125
4479.921875
4488.19384765625
4489.521484375
4493.35302734375
4490.65087890625
4487.6064453125
4467.2099609375
4495.66064453125
4471.99072265625
4461.83544921875
4472.67529296875
4468.69189453125
4478.11572265625
4469.208984375
4480.9384765625
4492.04345703125
