0.03062925674021244
0.046540267765522
0.03350646421313286
0.02878536470234394
0.054956238716840744
0.03607957810163498
0.03522314503788948
0.03603707626461983
0.030011769384145737
0.023135555908083916
0.036990076303482056
0.03279609978199005
0.0171681959182024
0.027432715520262718
0.03339836746454239
0.051975734531879425
0.024548066779971123
0.03539622202515602
0.04199539124965668
0.03666340932250023
0.05334584787487984
0.038584113121032715
0.04128819704055786
0.029745450243353844
0.02801872044801712
0.032067425549030304
0.027690736576914787
0.025851089507341385
0.0350918211042881
0.03408341854810715
0.04456881061196327
0.04129362851381302
0.022276492789387703
0.023498808965086937
0.03728703781962395
0.03328096866607666
0.027659887447953224
0.04239797219634056
0.03347800299525261
0.03133748844265938
