0.09396405518054962
0.08141805231571198
0.07743901759386063
0.10052505135536194
0.09358423203229904
0.11067502945661545
0.09484728425741196
0.11206899583339691
0.07735086232423782
0.09999939799308777
0.07924825698137283
0.11341551691293716
0.10816458612680435
0.09288298338651657
0.07361584901809692
0.1249193325638771
0.10875850915908813
0.07485648989677429
0.11774136871099472
0.06477817893028259
0.09594260901212692
0.11146888136863708
0.10970430076122284
0.09586271643638611
0.1224973276257515
0.11463283002376556
0.08906381577253342
0.09586846083402634
0.10677050799131393
0.0982125997543335
0.08110862225294113
0.09695181995630264
0.09321793913841248
0.09281782805919647
0.0948217585682869
0.08232028782367706
0.06860832870006561
0.11926431953907013
0.09066334366798401
0.09685215353965759
